[0.524s] DEBUG:colcon:Command line arguments: ['/usr/bin/colcon', 'build', '--packages-select', 'proy_techcommit_my_slam']
[0.524s] DEBUG:colcon:Parsed command line arguments: Namespace(allow_overriding=[], ament_cmake_args=None, base_paths=['.'], build_base='build', catkin_cmake_args=None, catkin_skip_building_tests=False, cmake_args=None, cmake_clean_cache=False, cmake_clean_first=False, cmake_force_configure=False, cmake_target=None, cmake_target_skip_unavailable=False, continue_on_error=False, event_handlers=None, executor='parallel', ignore_user_meta=False, install_base='install', log_base=None, log_level=None, main=<bound method BuildVerb.main of <colcon_core.verb.build.BuildVerb object at 0x7f8f9d47cfd0>>, merge_install=False, metas=['./colcon.meta'], packages_above=None, packages_above_and_dependencies=None, packages_above_depth=None, packages_end=None, packages_ignore=None, packages_ignore_regex=None, packages_select=['proy_techcommit_my_slam'], packages_select_build_failed=False, packages_select_by_dep=None, packages_select_regex=None, packages_select_test_failures=False, packages_skip=None, packages_skip_build_finished=False, packages_skip_by_dep=None, packages_skip_regex=None, packages_skip_test_passed=False, packages_skip_up_to=None, packages_start=None, packages_up_to=None, packages_up_to_regex=None, parallel_workers=4, paths=None, symlink_install=False, test_result_base=None, verb_extension=<colcon_core.verb.build.BuildVerb object at 0x7f8f9d47cfd0>, verb_name='build', verb_parser=<colcon_defaults.argument_parser.defaults.DefaultArgumentsDecorator object at 0x7f8f9d487490>)
[0.566s] Level 1:colcon.colcon_core.package_discovery:discover_packages(colcon_meta) check parameters
[0.566s] Level 1:colcon.colcon_core.package_discovery:discover_packages(recursive) check parameters
[0.566s] Level 1:colcon.colcon_core.package_discovery:discover_packages(ignore) check parameters
[0.567s] Level 1:colcon.colcon_core.package_discovery:discover_packages(path) check parameters
[0.567s] Level 1:colcon.colcon_core.package_discovery:discover_packages(colcon_meta) discover
[0.567s] Level 1:colcon.colcon_core.package_discovery:discover_packages(recursive) discover
[0.567s] INFO:colcon.colcon_core.package_discovery:Crawling recursively for packages in '/home/alumno/turtlebot3_ws/src/proy_techcommit'
[0.568s] Level 1:colcon.colcon_core.package_identification:_identify(.) by extensions ['ignore', 'ignore_ament_install']
[0.568s] Level 1:colcon.colcon_core.package_identification:_identify(.) by extension 'ignore'
[0.568s] Level 1:colcon.colcon_core.package_identification:_identify(.) by extension 'ignore_ament_install'
[0.568s] Level 1:colcon.colcon_core.package_identification:_identify(.) by extensions ['colcon_pkg']
[0.569s] Level 1:colcon.colcon_core.package_identification:_identify(.) by extension 'colcon_pkg'
[0.569s] Level 1:colcon.colcon_core.package_identification:_identify(.) by extensions ['colcon_meta']
[0.569s] Level 1:colcon.colcon_core.package_identification:_identify(.) by extension 'colcon_meta'
[0.569s] Level 1:colcon.colcon_core.package_identification:_identify(.) by extensions ['ros']
[0.570s] Level 1:colcon.colcon_core.package_identification:_identify(.) by extension 'ros'
[0.598s] Level 1:colcon.colcon_core.package_identification:_identify(.) by extensions ['cmake', 'python']
[0.598s] Level 1:colcon.colcon_core.package_identification:_identify(.) by extension 'cmake'
[0.599s] Level 1:colcon.colcon_core.package_identification:_identify(.) by extension 'python'
[0.599s] Level 1:colcon.colcon_core.package_identification:_identify(.) by extensions ['python_setup_py']
[0.599s] Level 1:colcon.colcon_core.package_identification:_identify(.) by extension 'python_setup_py'
[0.600s] Level 1:colcon.colcon_core.package_identification:_identify(build) by extensions ['ignore', 'ignore_ament_install']
[0.600s] Level 1:colcon.colcon_core.package_identification:_identify(build) by extension 'ignore'
[0.600s] Level 1:colcon.colcon_core.package_identification:_identify(build) ignored
[0.601s] Level 1:colcon.colcon_core.package_identification:_identify(install) by extensions ['ignore', 'ignore_ament_install']
[0.601s] Level 1:colcon.colcon_core.package_identification:_identify(install) by extension 'ignore'
[0.601s] Level 1:colcon.colcon_core.package_identification:_identify(install) ignored
[0.601s] Level 1:colcon.colcon_core.package_identification:_identify(log) by extensions ['ignore', 'ignore_ament_install']
[0.602s] Level 1:colcon.colcon_core.package_identification:_identify(log) by extension 'ignore'
[0.602s] Level 1:colcon.colcon_core.package_identification:_identify(log) ignored
[0.602s] Level 1:colcon.colcon_core.package_identification:_identify(proy_techcommit) by extensions ['ignore', 'ignore_ament_install']
[0.603s] Level 1:colcon.colcon_core.package_identification:_identify(proy_techcommit) by extension 'ignore'
[0.603s] Level 1:colcon.colcon_core.package_identification:_identify(proy_techcommit) by extension 'ignore_ament_install'
[0.603s] Level 1:colcon.colcon_core.package_identification:_identify(proy_techcommit) by extensions ['colcon_pkg']
[0.603s] Level 1:colcon.colcon_core.package_identification:_identify(proy_techcommit) by extension 'colcon_pkg'
[0.604s] Level 1:colcon.colcon_core.package_identification:_identify(proy_techcommit) by extensions ['colcon_meta']
[0.604s] Level 1:colcon.colcon_core.package_identification:_identify(proy_techcommit) by extension 'colcon_meta'
[0.604s] Level 1:colcon.colcon_core.package_identification:_identify(proy_techcommit) by extensions ['ros']
[0.604s] Level 1:colcon.colcon_core.package_identification:_identify(proy_techcommit) by extension 'ros'
[0.608s] DEBUG:colcon.colcon_core.package_identification:Package 'proy_techcommit' with type 'ros.ament_cmake' and name 'proy_techcommit'
[0.608s] Level 1:colcon.colcon_core.package_identification:_identify(proy_techcommit_mundo) by extensions ['ignore', 'ignore_ament_install']
[0.609s] Level 1:colcon.colcon_core.package_identification:_identify(proy_techcommit_mundo) by extension 'ignore'
[0.609s] Level 1:colcon.colcon_core.package_identification:_identify(proy_techcommit_mundo) by extension 'ignore_ament_install'
[0.609s] Level 1:colcon.colcon_core.package_identification:_identify(proy_techcommit_mundo) by extensions ['colcon_pkg']
[0.609s] Level 1:colcon.colcon_core.package_identification:_identify(proy_techcommit_mundo) by extension 'colcon_pkg'
[0.610s] Level 1:colcon.colcon_core.package_identification:_identify(proy_techcommit_mundo) by extensions ['colcon_meta']
[0.610s] Level 1:colcon.colcon_core.package_identification:_identify(proy_techcommit_mundo) by extension 'colcon_meta'
[0.610s] Level 1:colcon.colcon_core.package_identification:_identify(proy_techcommit_mundo) by extensions ['ros']
[0.610s] Level 1:colcon.colcon_core.package_identification:_identify(proy_techcommit_mundo) by extension 'ros'
[0.612s] DEBUG:colcon.colcon_core.package_identification:Package 'proy_techcommit_mundo' with type 'ros.ament_cmake' and name 'proy_techcommit_mundo'
[0.613s] Level 1:colcon.colcon_core.package_identification:_identify(proy_techcommit_my_slam) by extensions ['ignore', 'ignore_ament_install']
[0.613s] Level 1:colcon.colcon_core.package_identification:_identify(proy_techcommit_my_slam) by extension 'ignore'
[0.613s] Level 1:colcon.colcon_core.package_identification:_identify(proy_techcommit_my_slam) by extension 'ignore_ament_install'
[0.613s] Level 1:colcon.colcon_core.package_identification:_identify(proy_techcommit_my_slam) by extensions ['colcon_pkg']
[0.614s] Level 1:colcon.colcon_core.package_identification:_identify(proy_techcommit_my_slam) by extension 'colcon_pkg'
[0.614s] Level 1:colcon.colcon_core.package_identification:_identify(proy_techcommit_my_slam) by extensions ['colcon_meta']
[0.614s] Level 1:colcon.colcon_core.package_identification:_identify(proy_techcommit_my_slam) by extension 'colcon_meta'
[0.614s] Level 1:colcon.colcon_core.package_identification:_identify(proy_techcommit_my_slam) by extensions ['ros']
[0.614s] Level 1:colcon.colcon_core.package_identification:_identify(proy_techcommit_my_slam) by extension 'ros'
[0.616s] DEBUG:colcon.colcon_core.package_identification:Package 'proy_techcommit_my_slam' with type 'ros.ament_python' and name 'proy_techcommit_my_slam'
[0.616s] Level 1:colcon.colcon_core.package_discovery:discover_packages(recursive) using defaults
[0.616s] Level 1:colcon.colcon_core.package_discovery:discover_packages(ignore) discover
[0.616s] Level 1:colcon.colcon_core.package_discovery:discover_packages(ignore) using defaults
[0.617s] Level 1:colcon.colcon_core.package_discovery:discover_packages(path) discover
[0.617s] Level 1:colcon.colcon_core.package_discovery:discover_packages(path) using defaults
[0.650s] INFO:colcon.colcon_core.package_selection:Skipping not selected package 'proy_techcommit_mundo' in 'proy_techcommit_mundo'
[0.650s] INFO:colcon.colcon_core.package_selection:Skipping not selected package 'proy_techcommit' in 'proy_techcommit'
[0.651s] Level 1:colcon.colcon_core.package_discovery:discover_packages(prefix_path) check parameters
[0.651s] Level 1:colcon.colcon_core.package_discovery:discover_packages(prefix_path) discover
[0.657s] DEBUG:colcon.colcon_installed_package_information.package_discovery:Found 21 installed packages in /home/alumno/turtlebot3_ws/install
[0.660s] DEBUG:colcon.colcon_installed_package_information.package_discovery:Found 0 installed packages in /home/alumno/turtlebot3_ws/src/my_first_service/launch/install
[0.664s] DEBUG:colcon.colcon_installed_package_information.package_discovery:Found 336 installed packages in /opt/ros/galactic
[0.668s] Level 1:colcon.colcon_core.package_discovery:discover_packages(prefix_path) using defaults
[0.806s] Level 5:colcon.colcon_core.verb:set package 'proy_techcommit_my_slam' build argument 'cmake_args' from command line to 'None'
[0.806s] Level 5:colcon.colcon_core.verb:set package 'proy_techcommit_my_slam' build argument 'cmake_target' from command line to 'None'
[0.806s] Level 5:colcon.colcon_core.verb:set package 'proy_techcommit_my_slam' build argument 'cmake_target_skip_unavailable' from command line to 'False'
[0.807s] Level 5:colcon.colcon_core.verb:set package 'proy_techcommit_my_slam' build argument 'cmake_clean_cache' from command line to 'False'
[0.807s] Level 5:colcon.colcon_core.verb:set package 'proy_techcommit_my_slam' build argument 'cmake_clean_first' from command line to 'False'
[0.807s] Level 5:colcon.colcon_core.verb:set package 'proy_techcommit_my_slam' build argument 'cmake_force_configure' from command line to 'False'
[0.807s] Level 5:colcon.colcon_core.verb:set package 'proy_techcommit_my_slam' build argument 'ament_cmake_args' from command line to 'None'
[0.807s] Level 5:colcon.colcon_core.verb:set package 'proy_techcommit_my_slam' build argument 'catkin_cmake_args' from command line to 'None'
[0.808s] Level 5:colcon.colcon_core.verb:set package 'proy_techcommit_my_slam' build argument 'catkin_skip_building_tests' from command line to 'False'
[0.808s] DEBUG:colcon.colcon_core.verb:Building package 'proy_techcommit_my_slam' with the following arguments: {'ament_cmake_args': None, 'build_base': '/home/alumno/turtlebot3_ws/src/proy_techcommit/build/proy_techcommit_my_slam', 'catkin_cmake_args': None, 'catkin_skip_building_tests': False, 'cmake_args': None, 'cmake_clean_cache': False, 'cmake_clean_first': False, 'cmake_force_configure': False, 'cmake_target': None, 'cmake_target_skip_unavailable': False, 'install_base': '/home/alumno/turtlebot3_ws/src/proy_techcommit/install/proy_techcommit_my_slam', 'merge_install': False, 'path': '/home/alumno/turtlebot3_ws/src/proy_techcommit/proy_techcommit_my_slam', 'symlink_install': False, 'test_result_base': None}
[0.809s] INFO:colcon.colcon_core.executor:Executing jobs using 'parallel' executor
[0.816s] DEBUG:colcon.colcon_parallel_executor.executor.parallel:run_until_complete
[0.817s] INFO:colcon.colcon_ros.task.ament_python.build:Building ROS package in '/home/alumno/turtlebot3_ws/src/proy_techcommit/proy_techcommit_my_slam' with build type 'ament_python'
[0.817s] Level 1:colcon.colcon_core.shell:create_environment_hook('proy_techcommit_my_slam', 'ament_prefix_path')
[0.824s] INFO:colcon.colcon_core.plugin_system:Skipping extension 'colcon_core.shell.bat': Not used on non-Windows systems
[0.824s] INFO:colcon.colcon_core.shell:Creating environment hook '/home/alumno/turtlebot3_ws/src/proy_techcommit/install/proy_techcommit_my_slam/share/proy_techcommit_my_slam/hook/ament_prefix_path.ps1'
[0.827s] INFO:colcon.colcon_core.shell:Creating environment descriptor '/home/alumno/turtlebot3_ws/src/proy_techcommit/install/proy_techcommit_my_slam/share/proy_techcommit_my_slam/hook/ament_prefix_path.dsv'
[0.828s] INFO:colcon.colcon_core.shell:Creating environment hook '/home/alumno/turtlebot3_ws/src/proy_techcommit/install/proy_techcommit_my_slam/share/proy_techcommit_my_slam/hook/ament_prefix_path.sh'
[0.833s] INFO:colcon.colcon_core.shell:Skip shell extension 'powershell' for command environment: Not usable outside of PowerShell
[0.833s] DEBUG:colcon.colcon_core.shell:Skip shell extension 'dsv' for command environment
[1.238s] INFO:colcon.colcon_core.task.python.build:Building Python package in '/home/alumno/turtlebot3_ws/src/proy_techcommit/proy_techcommit_my_slam'
[1.241s] INFO:colcon.colcon_core.shell:Skip shell extension 'powershell' for command environment: Not usable outside of PowerShell
[1.241s] DEBUG:colcon.colcon_core.shell:Skip shell extension 'dsv' for command environment
[1.901s] DEBUG:colcon.colcon_core.event_handler.log_command:Invoking command in '/home/alumno/turtlebot3_ws/src/proy_techcommit/proy_techcommit_my_slam': PYTHONPATH=/home/alumno/turtlebot3_ws/src/proy_techcommit/build/proy_techcommit_my_slam/prefix_override:/home/alumno/turtlebot3_ws/src/proy_techcommit/install/proy_techcommit_my_slam/lib/python3.8/site-packages:${PYTHONPATH} /usr/bin/python3 setup.py egg_info --egg-base ../build/proy_techcommit_my_slam build --build-base /home/alumno/turtlebot3_ws/src/proy_techcommit/build/proy_techcommit_my_slam/build install --record /home/alumno/turtlebot3_ws/src/proy_techcommit/build/proy_techcommit_my_slam/install.log --single-version-externally-managed
[2.406s] DEBUG:colcon.colcon_core.event_handler.log_command:Invoked command in '/home/alumno/turtlebot3_ws/src/proy_techcommit/proy_techcommit_my_slam' returned '0': PYTHONPATH=/home/alumno/turtlebot3_ws/src/proy_techcommit/build/proy_techcommit_my_slam/prefix_override:/home/alumno/turtlebot3_ws/src/proy_techcommit/install/proy_techcommit_my_slam/lib/python3.8/site-packages:${PYTHONPATH} /usr/bin/python3 setup.py egg_info --egg-base ../build/proy_techcommit_my_slam build --build-base /home/alumno/turtlebot3_ws/src/proy_techcommit/build/proy_techcommit_my_slam/build install --record /home/alumno/turtlebot3_ws/src/proy_techcommit/build/proy_techcommit_my_slam/install.log --single-version-externally-managed
[2.412s] Level 1:colcon.colcon_core.environment:checking '/home/alumno/turtlebot3_ws/src/proy_techcommit/install/proy_techcommit_my_slam' for CMake module files
[2.413s] Level 1:colcon.colcon_core.environment:checking '/home/alumno/turtlebot3_ws/src/proy_techcommit/install/proy_techcommit_my_slam' for CMake config files
[2.414s] Level 1:colcon.colcon_core.environment:checking '/home/alumno/turtlebot3_ws/src/proy_techcommit/install/proy_techcommit_my_slam/lib'
[2.414s] Level 1:colcon.colcon_core.environment:checking '/home/alumno/turtlebot3_ws/src/proy_techcommit/install/proy_techcommit_my_slam/bin'
[2.414s] Level 1:colcon.colcon_core.environment:checking '/home/alumno/turtlebot3_ws/src/proy_techcommit/install/proy_techcommit_my_slam/lib/pkgconfig/proy_techcommit_my_slam.pc'
[2.415s] Level 1:colcon.colcon_core.environment:checking '/home/alumno/turtlebot3_ws/src/proy_techcommit/install/proy_techcommit_my_slam/lib/python3.8/site-packages'
[2.415s] Level 1:colcon.colcon_core.shell:create_environment_hook('proy_techcommit_my_slam', 'pythonpath')
[2.418s] INFO:colcon.colcon_core.shell:Creating environment hook '/home/alumno/turtlebot3_ws/src/proy_techcommit/install/proy_techcommit_my_slam/share/proy_techcommit_my_slam/hook/pythonpath.ps1'
[2.418s] INFO:colcon.colcon_core.shell:Creating environment descriptor '/home/alumno/turtlebot3_ws/src/proy_techcommit/install/proy_techcommit_my_slam/share/proy_techcommit_my_slam/hook/pythonpath.dsv'
[2.418s] INFO:colcon.colcon_core.shell:Creating environment hook '/home/alumno/turtlebot3_ws/src/proy_techcommit/install/proy_techcommit_my_slam/share/proy_techcommit_my_slam/hook/pythonpath.sh'
[2.419s] Level 1:colcon.colcon_core.environment:checking '/home/alumno/turtlebot3_ws/src/proy_techcommit/install/proy_techcommit_my_slam/bin'
[2.419s] Level 1:colcon.colcon_core.environment:create_environment_scripts_only(proy_techcommit_my_slam)
[2.422s] INFO:colcon.colcon_core.shell:Creating package script '/home/alumno/turtlebot3_ws/src/proy_techcommit/install/proy_techcommit_my_slam/share/proy_techcommit_my_slam/package.ps1'
[2.423s] INFO:colcon.colcon_core.shell:Creating package descriptor '/home/alumno/turtlebot3_ws/src/proy_techcommit/install/proy_techcommit_my_slam/share/proy_techcommit_my_slam/package.dsv'
[2.424s] INFO:colcon.colcon_core.shell:Creating package script '/home/alumno/turtlebot3_ws/src/proy_techcommit/install/proy_techcommit_my_slam/share/proy_techcommit_my_slam/package.sh'
[2.425s] INFO:colcon.colcon_core.shell:Creating package script '/home/alumno/turtlebot3_ws/src/proy_techcommit/install/proy_techcommit_my_slam/share/proy_techcommit_my_slam/package.bash'
[2.426s] INFO:colcon.colcon_core.shell:Creating package script '/home/alumno/turtlebot3_ws/src/proy_techcommit/install/proy_techcommit_my_slam/share/proy_techcommit_my_slam/package.zsh'
[2.427s] Level 1:colcon.colcon_core.environment:create_file_with_runtime_dependencies(/home/alumno/turtlebot3_ws/src/proy_techcommit/install/proy_techcommit_my_slam/share/colcon-core/packages/proy_techcommit_my_slam)
[2.428s] DEBUG:colcon.colcon_parallel_executor.executor.parallel:closing loop
[2.428s] DEBUG:colcon.colcon_parallel_executor.executor.parallel:loop closed
[2.428s] DEBUG:colcon.colcon_parallel_executor.executor.parallel:run_until_complete finished with '0'
[2.428s] DEBUG:colcon.colcon_core.event_reactor:joining thread
[2.436s] INFO:colcon.colcon_core.plugin_system:Skipping extension 'colcon_notification.desktop_notification.terminal_notifier': Not used on non-Darwin systems
[2.436s] INFO:colcon.colcon_core.plugin_system:Skipping extension 'colcon_notification.desktop_notification.win32': Not used on non-Windows systems
[2.436s] INFO:colcon.colcon_notification.desktop_notification:Sending desktop notification using 'notify2'
[2.439s] DEBUG:colcon.colcon_core.event_reactor:joined thread
[2.450s] INFO:colcon.colcon_core.shell:Creating prefix script '/home/alumno/turtlebot3_ws/src/proy_techcommit/install/local_setup.ps1'
[2.453s] INFO:colcon.colcon_core.shell:Creating prefix util module '/home/alumno/turtlebot3_ws/src/proy_techcommit/install/_local_setup_util_ps1.py'
[2.458s] INFO:colcon.colcon_core.shell:Creating prefix chain script '/home/alumno/turtlebot3_ws/src/proy_techcommit/install/setup.ps1'
[2.467s] INFO:colcon.colcon_core.shell:Creating prefix script '/home/alumno/turtlebot3_ws/src/proy_techcommit/install/local_setup.sh'
[2.469s] INFO:colcon.colcon_core.shell:Creating prefix util module '/home/alumno/turtlebot3_ws/src/proy_techcommit/install/_local_setup_util_sh.py'
[2.469s] INFO:colcon.colcon_core.shell:Creating prefix chain script '/home/alumno/turtlebot3_ws/src/proy_techcommit/install/setup.sh'
[2.473s] INFO:colcon.colcon_core.shell:Creating prefix script '/home/alumno/turtlebot3_ws/src/proy_techcommit/install/local_setup.bash'
[2.474s] INFO:colcon.colcon_core.shell:Creating prefix chain script '/home/alumno/turtlebot3_ws/src/proy_techcommit/install/setup.bash'
[2.477s] INFO:colcon.colcon_core.shell:Creating prefix script '/home/alumno/turtlebot3_ws/src/proy_techcommit/install/local_setup.zsh'
[2.478s] INFO:colcon.colcon_core.shell:Creating prefix chain script '/home/alumno/turtlebot3_ws/src/proy_techcommit/install/setup.zsh'
