running egg_info
creating ../build/proy_techcommit_my_slam/proy_techcommit_my_slam.egg-info
writing ../build/proy_techcommit_my_slam/proy_techcommit_my_slam.egg-info/PKG-INFO
writing dependency_links to ../build/proy_techcommit_my_slam/proy_techcommit_my_slam.egg-info/dependency_links.txt
writing entry points to ../build/proy_techcommit_my_slam/proy_techcommit_my_slam.egg-info/entry_points.txt
writing requirements to ../build/proy_techcommit_my_slam/proy_techcommit_my_slam.egg-info/requires.txt
writing top-level names to ../build/proy_techcommit_my_slam/proy_techcommit_my_slam.egg-info/top_level.txt
writing manifest file '../build/proy_techcommit_my_slam/proy_techcommit_my_slam.egg-info/SOURCES.txt'
reading manifest file '../build/proy_techcommit_my_slam/proy_techcommit_my_slam.egg-info/SOURCES.txt'
writing manifest file '../build/proy_techcommit_my_slam/proy_techcommit_my_slam.egg-info/SOURCES.txt'
running build
running build_py
creating /home/alumno/turtlebot3_ws/src/proy_techcommit/build/proy_techcommit_my_slam/build
creating /home/alumno/turtlebot3_ws/src/proy_techcommit/build/proy_techcommit_my_slam/build/lib
creating /home/alumno/turtlebot3_ws/src/proy_techcommit/build/proy_techcommit_my_slam/build/lib/proy_techcommit_my_slam
copying proy_techcommit_my_slam/__init__.py -> /home/alumno/turtlebot3_ws/src/proy_techcommit/build/proy_techcommit_my_slam/build/lib/proy_techcommit_my_slam
running install
running install_lib
creating /home/alumno/turtlebot3_ws/src/proy_techcommit/install/proy_techcommit_my_slam/lib/python3.8/site-packages/proy_techcommit_my_slam
copying /home/alumno/turtlebot3_ws/src/proy_techcommit/build/proy_techcommit_my_slam/build/lib/proy_techcommit_my_slam/__init__.py -> /home/alumno/turtlebot3_ws/src/proy_techcommit/install/proy_techcommit_my_slam/lib/python3.8/site-packages/proy_techcommit_my_slam
byte-compiling /home/alumno/turtlebot3_ws/src/proy_techcommit/install/proy_techcommit_my_slam/lib/python3.8/site-packages/proy_techcommit_my_slam/__init__.py to __init__.cpython-38.pyc
running install_data
creating /home/alumno/turtlebot3_ws/src/proy_techcommit/install/proy_techcommit_my_slam/share/ament_index
creating /home/alumno/turtlebot3_ws/src/proy_techcommit/install/proy_techcommit_my_slam/share/ament_index/resource_index
creating /home/alumno/turtlebot3_ws/src/proy_techcommit/install/proy_techcommit_my_slam/share/ament_index/resource_index/packages
copying resource/proy_techcommit_my_slam -> /home/alumno/turtlebot3_ws/src/proy_techcommit/install/proy_techcommit_my_slam/share/ament_index/resource_index/packages
copying package.xml -> /home/alumno/turtlebot3_ws/src/proy_techcommit/install/proy_techcommit_my_slam/share/proy_techcommit_my_slam
creating /home/alumno/turtlebot3_ws/src/proy_techcommit/install/proy_techcommit_my_slam/share/proy_techcommit_my_slam/map
creating /home/alumno/turtlebot3_ws/src/proy_techcommit/install/proy_techcommit_my_slam/share/proy_techcommit_my_slam/rviz
creating /home/alumno/turtlebot3_ws/src/proy_techcommit/install/proy_techcommit_my_slam/share/proy_techcommit_my_slam/launch
copying launch/my_slam.launch.py -> /home/alumno/turtlebot3_ws/src/proy_techcommit/install/proy_techcommit_my_slam/share/proy_techcommit_my_slam/launch
creating /home/alumno/turtlebot3_ws/src/proy_techcommit/install/proy_techcommit_my_slam/share/proy_techcommit_my_slam/config
copying config/my_slam.lua -> /home/alumno/turtlebot3_ws/src/proy_techcommit/install/proy_techcommit_my_slam/share/proy_techcommit_my_slam/config
running install_egg_info
Copying ../build/proy_techcommit_my_slam/proy_techcommit_my_slam.egg-info to /home/alumno/turtlebot3_ws/src/proy_techcommit/install/proy_techcommit_my_slam/lib/python3.8/site-packages/proy_techcommit_my_slam-0.0.0-py3.8.egg-info
running install_scripts
writing list of installed files to '/home/alumno/turtlebot3_ws/src/proy_techcommit/build/proy_techcommit_my_slam/install.log'
